<?xml version="1.0" encoding="UTF-8"?>
<coverage generated="1745832290951" clover="3.2.0">
  <project timestamp="1745832290951" name="All files">
    <metrics statements="56" coveredstatements="54" conditionals="134" coveredconditionals="105" methods="13" coveredmethods="13" elements="203" coveredelements="172" complexity="0" loc="56" ncloc="56" packages="1" files="2" classes="2"/>
    <file name="packingListController.ts" path="D:\Develop\Task\Test\backend\controllers\packingListController.ts">
      <metrics statements="21" coveredstatements="21" conditionals="90" coveredconditionals="70" methods="6" coveredmethods="6"/>
      <line num="1" count="9" type="stmt"/>
      <line num="26" count="9" type="stmt"/>
      <line num="27" count="9" type="stmt"/>
      <line num="28" count="9" type="stmt"/>
      <line num="30" count="9" type="cond" truecount="6" falsecount="1"/>
      <line num="31" count="1" type="stmt"/>
      <line num="32" count="1" type="stmt"/>
      <line num="33" count="1" type="stmt"/>
      <line num="37" count="7" type="cond" truecount="2" falsecount="0"/>
      <line num="39" count="3" type="stmt"/>
      <line num="40" count="3" type="stmt"/>
      <line num="41" count="3" type="stmt"/>
      <line num="45" count="7" type="stmt"/>
      <line num="52" count="4" type="cond" truecount="6" falsecount="2"/>
      <line num="53" count="4" type="cond" truecount="1" falsecount="0"/>
      <line num="54" count="1" type="stmt"/>
      <line num="63" count="3" type="stmt"/>
      <line num="69" count="3" type="cond" truecount="7" falsecount="3"/>
      <line num="79" count="7" type="stmt"/>
      <line num="81" count="1" type="stmt"/>
      <line num="82" count="1" type="stmt"/>
    </file>
    <file name="pickListController.ts" path="D:\Develop\Task\Test\backend\controllers\pickListController.ts">
      <metrics statements="35" coveredstatements="33" conditionals="44" coveredconditionals="35" methods="7" coveredmethods="7"/>
      <line num="1" count="10" type="stmt"/>
      <line num="5" count="10" type="stmt"/>
      <line num="6" count="10" type="stmt"/>
      <line num="7" count="10" type="stmt"/>
      <line num="10" count="10" type="cond" truecount="6" falsecount="1"/>
      <line num="11" count="1" type="stmt"/>
      <line num="12" count="1" type="stmt"/>
      <line num="13" count="1" type="stmt"/>
      <line num="16" count="9" type="stmt"/>
      <line num="19" count="9" type="cond" truecount="2" falsecount="0"/>
      <line num="21" count="3" type="stmt"/>
      <line num="22" count="3" type="stmt"/>
      <line num="23" count="3" type="stmt"/>
      <line num="27" count="9" type="stmt"/>
      <line num="28" count="8" type="cond" truecount="6" falsecount="1"/>
      <line num="30" count="7" type="stmt"/>
      <line num="31" count="7" type="cond" truecount="3" falsecount="2"/>
      <line num="33" count="7" type="cond" truecount="3" falsecount="1"/>
      <line num="34" count="7" type="cond" truecount="1" falsecount="0"/>
      <line num="35" count="1" type="stmt"/>
      <line num="36" count="1" type="stmt"/>
      <line num="39" count="6" type="cond" truecount="6" falsecount="1"/>
      <line num="40" count="1" type="stmt"/>
      <line num="41" count="1" type="stmt"/>
      <line num="44" count="5" type="stmt"/>
      <line num="45" count="5" type="cond" truecount="4" falsecount="1"/>
      <line num="46" count="1" type="stmt"/>
      <line num="47" count="1" type="stmt"/>
      <line num="50" count="4" type="stmt"/>
      <line num="51" count="4" type="cond" truecount="2" falsecount="0"/>
      <line num="52" count="1" type="stmt"/>
      <line num="54" count="3" type="stmt"/>
      <line num="65" count="9" type="stmt"/>
      <line num="67" count="0" type="stmt"/>
      <line num="68" count="0" type="stmt"/>
    </file>
  </project>
</coverage>
