{"D:\\Develop\\Task\\Test\\backend\\controllers\\packingListController.ts": {"path":"D:\\Develop\\Task\\Test\\backend\\controllers\\packingListController.ts","statementMap":{"0":{"start":{"line":1,"column":0},"end":{"line":1,"column":61}},"1":{"start":{"line":26,"column":30},"end":{"line":84,"column":1}},"2":{"start":{"line":27,"column":2},"end":{"line":83,"column":3}},"3":{"start":{"line":28,"column":40},"end":{"line":28,"column":49}},"4":{"start":{"line":30,"column":4},"end":{"line":34,"column":5}},"5":{"start":{"line":31,"column":6},"end":{"line":31,"column":90}},"6":{"start":{"line":32,"column":6},"end":{"line":32,"column":19}},"7":{"start":{"line":33,"column":6},"end":{"line":33,"column":13}},"8":{"start":{"line":37,"column":36},"end":{"line":43,"column":14}},"9":{"start":{"line":39,"column":34},"end":{"line":39,"column":60}},"10":{"start":{"line":40,"column":35},"end":{"line":40,"column":49}},"11":{"start":{"line":41,"column":10},"end":{"line":41,"column":72}},"12":{"start":{"line":45,"column":43},"end":{"line":77,"column":7}},"13":{"start":{"line":45,"column":80},"end":{"line":77,"column":7}},"14":{"start":{"line":52,"column":37},"end":{"line":52,"column":107}},"15":{"start":{"line":52,"column":78},"end":{"line":52,"column":107}},"16":{"start":{"line":53,"column":8},"end":{"line":62,"column":9}},"17":{"start":{"line":54,"column":10},"end":{"line":61,"column":12}},"18":{"start":{"line":63,"column":8},"end":{"line":75,"column":10}},"19":{"start":{"line":69,"column":66},"end":{"line":74,"column":12}},"20":{"start":{"line":79,"column":4},"end":{"line":79,"column":26}},"21":{"start":{"line":81,"column":4},"end":{"line":81,"column":59}},"22":{"start":{"line":82,"column":4},"end":{"line":82,"column":17}},"23":{"start":{"line":26,"column":13},"end":{"line":26,"column":30}}},"fnMap":{"0":{"name":"(anonymous_0)","decl":{"start":{"line":26,"column":30},"end":{"line":26,"column":31}},"loc":{"start":{"line":26,"column":68},"end":{"line":84,"column":1}}},"1":{"name":"(anonymous_1)","decl":{"start":{"line":38,"column":35},"end":{"line":38,"column":36}},"loc":{"start":{"line":38,"column":52},"end":{"line":42,"column":9}}},"2":{"name":"(anonymous_2)","decl":{"start":{"line":45,"column":62},"end":{"line":45,"column":63}},"loc":{"start":{"line":45,"column":79},"end":{"line":77,"column":7}}},"3":{"name":"(anonymous_3)","decl":{"start":{"line":51,"column":39},"end":{"line":51,"column":40}},"loc":{"start":{"line":51,"column":58},"end":{"line":76,"column":7}}},"4":{"name":"(anonymous_4)","decl":{"start":{"line":52,"column":64},"end":{"line":52,"column":65}},"loc":{"start":{"line":52,"column":78},"end":{"line":52,"column":107}}},"5":{"name":"(anonymous_5)","decl":{"start":{"line":69,"column":43},"end":{"line":69,"column":44}},"loc":{"start":{"line":69,"column":66},"end":{"line":74,"column":12}}}},"branchMap":{"0":{"loc":{"start":{"line":30,"column":4},"end":{"line":34,"column":5}},"type":"if","locations":[{"start":{"line":30,"column":4},"end":{"line":34,"column":5}}]},"1":{"loc":{"start":{"line":30,"column":8},"end":{"line":30,"column":104}},"type":"binary-expr","locations":[{"start":{"line":30,"column":8},"end":{"line":30,"column":41}},{"start":{"line":30,"column":45},"end":{"line":30,"column":104}}]},"2":{"loc":{"start":{"line":30,"column":61},"end":{"line":30,"column":103}},"type":"cond-expr","locations":[{"start":{"line":30,"column":76},"end":{"line":30,"column":96}},{"start":{"line":30,"column":61},"end":{"line":30,"column":103}}]},"3":{"loc":{"start":{"line":30,"column":61},"end":{"line":30,"column":96}},"type":"binary-expr","locations":[{"start":{"line":30,"column":61},"end":{"line":30,"column":98}},{"start":{"line":30,"column":61},"end":{"line":30,"column":96}}]},"4":{"loc":{"start":{"line":37,"column":36},"end":{"line":43,"column":14}},"type":"cond-expr","locations":[{"start":{"line":38,"column":9},"end":{"line":42,"column":10}},{"start":{"line":43,"column":8},"end":{"line":43,"column":14}}]},"5":{"loc":{"start":{"line":51,"column":17},"end":{"line":76,"column":14}},"type":"binary-expr","locations":[{"start":{"line":51,"column":17},"end":{"line":76,"column":8}},{"start":{"line":76,"column":12},"end":{"line":76,"column":14}}]},"6":{"loc":{"start":{"line":51,"column":17},"end":{"line":76,"column":8}},"type":"cond-expr","locations":[{"start":{"line":51,"column":33},"end":{"line":51,"column":35}},{"start":{"line":51,"column":33},"end":{"line":76,"column":8}}]},"7":{"loc":{"start":{"line":51,"column":17},"end":{"line":51,"column":35}},"type":"binary-expr","locations":[{"start":{"line":51,"column":17},"end":{"line":51,"column":35}},{"start":{"line":51,"column":33},"end":{"line":51,"column":35}}]},"8":{"loc":{"start":{"line":52,"column":78},"end":{"line":52,"column":89}},"type":"cond-expr","locations":[{"start":{"line":52,"column":81},"end":{"line":52,"column":83}},{"start":{"line":52,"column":78},"end":{"line":52,"column":89}}]},"9":{"loc":{"start":{"line":52,"column":78},"end":{"line":52,"column":83}},"type":"binary-expr","locations":[{"start":{"line":52,"column":78},"end":{"line":52,"column":83}},{"start":{"line":52,"column":78},"end":{"line":52,"column":83}}]},"10":{"loc":{"start":{"line":52,"column":94},"end":{"line":52,"column":106}},"type":"cond-expr","locations":[{"start":{"line":52,"column":98},"end":{"line":52,"column":100}},{"start":{"line":52,"column":94},"end":{"line":52,"column":106}}]},"11":{"loc":{"start":{"line":52,"column":94},"end":{"line":52,"column":100}},"type":"binary-expr","locations":[{"start":{"line":52,"column":94},"end":{"line":52,"column":100}},{"start":{"line":52,"column":94},"end":{"line":52,"column":100}}]},"12":{"loc":{"start":{"line":53,"column":8},"end":{"line":62,"column":9}},"type":"if","locations":[{"start":{"line":53,"column":8},"end":{"line":62,"column":9}}]},"13":{"loc":{"start":{"line":55,"column":24},"end":{"line":55,"column":42}},"type":"cond-expr","locations":[{"start":{"line":55,"column":28},"end":{"line":55,"column":30}},{"start":{"line":55,"column":24},"end":{"line":55,"column":42}}]},"14":{"loc":{"start":{"line":55,"column":24},"end":{"line":55,"column":30}},"type":"binary-expr","locations":[{"start":{"line":55,"column":24},"end":{"line":55,"column":30}},{"start":{"line":55,"column":24},"end":{"line":55,"column":30}}]},"15":{"loc":{"start":{"line":56,"column":19},"end":{"line":56,"column":31}},"type":"cond-expr","locations":[{"start":{"line":56,"column":23},"end":{"line":56,"column":25}},{"start":{"line":56,"column":19},"end":{"line":56,"column":31}}]},"16":{"loc":{"start":{"line":56,"column":19},"end":{"line":56,"column":25}},"type":"binary-expr","locations":[{"start":{"line":56,"column":19},"end":{"line":56,"column":25}},{"start":{"line":56,"column":19},"end":{"line":56,"column":25}}]},"17":{"loc":{"start":{"line":59,"column":22},"end":{"line":59,"column":36}},"type":"cond-expr","locations":[{"start":{"line":59,"column":26},"end":{"line":59,"column":28}},{"start":{"line":59,"column":22},"end":{"line":59,"column":36}}]},"18":{"loc":{"start":{"line":59,"column":22},"end":{"line":59,"column":28}},"type":"binary-expr","locations":[{"start":{"line":59,"column":22},"end":{"line":59,"column":28}},{"start":{"line":59,"column":22},"end":{"line":59,"column":28}}]},"19":{"loc":{"start":{"line":64,"column":22},"end":{"line":64,"column":40}},"type":"cond-expr","locations":[{"start":{"line":64,"column":26},"end":{"line":64,"column":28}},{"start":{"line":64,"column":22},"end":{"line":64,"column":40}}]},"20":{"loc":{"start":{"line":64,"column":22},"end":{"line":64,"column":28}},"type":"binary-expr","locations":[{"start":{"line":64,"column":22},"end":{"line":64,"column":28}},{"start":{"line":64,"column":22},"end":{"line":64,"column":28}}]},"21":{"loc":{"start":{"line":65,"column":17},"end":{"line":65,"column":29}},"type":"cond-expr","locations":[{"start":{"line":65,"column":21},"end":{"line":65,"column":23}},{"start":{"line":65,"column":17},"end":{"line":65,"column":29}}]},"22":{"loc":{"start":{"line":65,"column":17},"end":{"line":65,"column":23}},"type":"binary-expr","locations":[{"start":{"line":65,"column":17},"end":{"line":65,"column":23}},{"start":{"line":65,"column":17},"end":{"line":65,"column":23}}]},"23":{"loc":{"start":{"line":66,"column":19},"end":{"line":66,"column":49}},"type":"binary-expr","locations":[{"start":{"line":66,"column":19},"end":{"line":66,"column":32}},{"start":{"line":66,"column":36},"end":{"line":66,"column":49}}]},"24":{"loc":{"start":{"line":66,"column":19},"end":{"line":66,"column":32}},"type":"cond-expr","locations":[{"start":{"line":66,"column":22},"end":{"line":66,"column":24}},{"start":{"line":66,"column":19},"end":{"line":66,"column":32}}]},"25":{"loc":{"start":{"line":66,"column":19},"end":{"line":66,"column":24}},"type":"binary-expr","locations":[{"start":{"line":66,"column":19},"end":{"line":66,"column":24}},{"start":{"line":66,"column":19},"end":{"line":66,"column":24}}]},"26":{"loc":{"start":{"line":67,"column":20},"end":{"line":67,"column":39}},"type":"binary-expr","locations":[{"start":{"line":67,"column":20},"end":{"line":67,"column":34}},{"start":{"line":67,"column":38},"end":{"line":67,"column":39}}]},"27":{"loc":{"start":{"line":67,"column":20},"end":{"line":67,"column":34}},"type":"cond-expr","locations":[{"start":{"line":67,"column":23},"end":{"line":67,"column":25}},{"start":{"line":67,"column":20},"end":{"line":67,"column":34}}]},"28":{"loc":{"start":{"line":67,"column":20},"end":{"line":67,"column":25}},"type":"binary-expr","locations":[{"start":{"line":67,"column":20},"end":{"line":67,"column":25}},{"start":{"line":67,"column":20},"end":{"line":67,"column":25}}]},"29":{"loc":{"start":{"line":68,"column":20},"end":{"line":68,"column":34}},"type":"cond-expr","locations":[{"start":{"line":68,"column":24},"end":{"line":68,"column":26}},{"start":{"line":68,"column":20},"end":{"line":68,"column":34}}]},"30":{"loc":{"start":{"line":68,"column":20},"end":{"line":68,"column":26}},"type":"binary-expr","locations":[{"start":{"line":68,"column":20},"end":{"line":68,"column":26}},{"start":{"line":68,"column":20},"end":{"line":68,"column":26}}]},"31":{"loc":{"start":{"line":69,"column":20},"end":{"line":74,"column":19}},"type":"binary-expr","locations":[{"start":{"line":69,"column":20},"end":{"line":74,"column":13}},{"start":{"line":74,"column":17},"end":{"line":74,"column":19}}]},"32":{"loc":{"start":{"line":69,"column":20},"end":{"line":74,"column":13}},"type":"cond-expr","locations":[{"start":{"line":69,"column":37},"end":{"line":69,"column":39}},{"start":{"line":69,"column":37},"end":{"line":74,"column":13}}]},"33":{"loc":{"start":{"line":69,"column":20},"end":{"line":69,"column":39}},"type":"binary-expr","locations":[{"start":{"line":69,"column":20},"end":{"line":69,"column":39}},{"start":{"line":69,"column":37},"end":{"line":69,"column":39}}]},"34":{"loc":{"start":{"line":69,"column":20},"end":{"line":69,"column":37}},"type":"cond-expr","locations":[{"start":{"line":69,"column":23},"end":{"line":69,"column":25}},{"start":{"line":69,"column":20},"end":{"line":69,"column":37}}]},"35":{"loc":{"start":{"line":69,"column":20},"end":{"line":69,"column":25}},"type":"binary-expr","locations":[{"start":{"line":69,"column":20},"end":{"line":69,"column":25}},{"start":{"line":69,"column":20},"end":{"line":69,"column":25}}]},"36":{"loc":{"start":{"line":70,"column":23},"end":{"line":70,"column":42}},"type":"cond-expr","locations":[{"start":{"line":70,"column":30},"end":{"line":70,"column":32}},{"start":{"line":70,"column":23},"end":{"line":70,"column":42}}]},"37":{"loc":{"start":{"line":70,"column":23},"end":{"line":70,"column":32}},"type":"binary-expr","locations":[{"start":{"line":70,"column":23},"end":{"line":70,"column":32}},{"start":{"line":70,"column":23},"end":{"line":70,"column":32}}]},"38":{"loc":{"start":{"line":71,"column":25},"end":{"line":71,"column":67}},"type":"binary-expr","locations":[{"start":{"line":71,"column":25},"end":{"line":71,"column":46}},{"start":{"line":71,"column":50},"end":{"line":71,"column":67}}]},"39":{"loc":{"start":{"line":71,"column":25},"end":{"line":71,"column":46}},"type":"cond-expr","locations":[{"start":{"line":71,"column":32},"end":{"line":71,"column":34}},{"start":{"line":71,"column":25},"end":{"line":71,"column":46}}]},"40":{"loc":{"start":{"line":71,"column":25},"end":{"line":71,"column":34}},"type":"binary-expr","locations":[{"start":{"line":71,"column":25},"end":{"line":71,"column":34}},{"start":{"line":71,"column":25},"end":{"line":71,"column":34}}]},"41":{"loc":{"start":{"line":72,"column":26},"end":{"line":72,"column":53}},"type":"binary-expr","locations":[{"start":{"line":72,"column":26},"end":{"line":72,"column":48}},{"start":{"line":72,"column":52},"end":{"line":72,"column":53}}]},"42":{"loc":{"start":{"line":72,"column":26},"end":{"line":72,"column":48}},"type":"cond-expr","locations":[{"start":{"line":72,"column":33},"end":{"line":72,"column":35}},{"start":{"line":72,"column":26},"end":{"line":72,"column":48}}]},"43":{"loc":{"start":{"line":72,"column":26},"end":{"line":72,"column":35}},"type":"binary-expr","locations":[{"start":{"line":72,"column":26},"end":{"line":72,"column":35}},{"start":{"line":72,"column":26},"end":{"line":72,"column":35}}]},"44":{"loc":{"start":{"line":73,"column":22},"end":{"line":73,"column":36}},"type":"cond-expr","locations":[{"start":{"line":73,"column":26},"end":{"line":73,"column":28}},{"start":{"line":73,"column":22},"end":{"line":73,"column":36}}]},"45":{"loc":{"start":{"line":73,"column":22},"end":{"line":73,"column":28}},"type":"binary-expr","locations":[{"start":{"line":73,"column":22},"end":{"line":73,"column":28}},{"start":{"line":73,"column":22},"end":{"line":73,"column":28}}]}},"s":{"0":9,"1":9,"2":9,"3":9,"4":9,"5":1,"6":1,"7":1,"8":7,"9":3,"10":3,"11":3,"12":7,"13":5,"14":4,"15":3,"16":4,"17":1,"18":3,"19":3,"20":7,"21":1,"22":1,"23":9},"f":{"0":9,"1":3,"2":5,"3":4,"4":3,"5":3},"b":{"0":[1],"1":[9,7],"2":[0,7],"3":[7,7],"4":[3,4],"5":[5,1],"6":[1,4],"7":[5,5],"8":[0,3],"9":[3,3],"10":[0,3],"11":[3,3],"12":[1],"13":[0,1],"14":[1,1],"15":[0,1],"16":[1,1],"17":[0,1],"18":[1,1],"19":[0,3],"20":[3,3],"21":[0,3],"22":[3,3],"23":[3,0],"24":[0,3],"25":[3,3],"26":[3,0],"27":[0,3],"28":[3,3],"29":[0,3],"30":[3,3],"31":[3,0],"32":[0,3],"33":[3,3],"34":[0,3],"35":[3,3],"36":[0,3],"37":[3,3],"38":[3,1],"39":[0,3],"40":[3,3],"41":[3,1],"42":[0,3],"43":[3,3],"44":[0,3],"45":[3,3]}}
,"D:\\Develop\\Task\\Test\\backend\\controllers\\pickListController.ts": {"path":"D:\\Develop\\Task\\Test\\backend\\controllers\\pickListController.ts","statementMap":{"0":{"start":{"line":1,"column":0},"end":{"line":1,"column":61}},"1":{"start":{"line":5,"column":27},"end":{"line":70,"column":1}},"2":{"start":{"line":6,"column":2},"end":{"line":69,"column":3}},"3":{"start":{"line":7,"column":21},"end":{"line":7,"column":30}},"4":{"start":{"line":10,"column":4},"end":{"line":14,"column":5}},"5":{"start":{"line":11,"column":6},"end":{"line":11,"column":90}},"6":{"start":{"line":12,"column":6},"end":{"line":12,"column":19}},"7":{"start":{"line":13,"column":6},"end":{"line":13,"column":13}},"8":{"start":{"line":16,"column":37},"end":{"line":16,"column":39}},"9":{"start":{"line":19,"column":36},"end":{"line":25,"column":14}},"10":{"start":{"line":21,"column":28},"end":{"line":21,"column":54}},"11":{"start":{"line":22,"column":29},"end":{"line":22,"column":53}},"12":{"start":{"line":23,"column":10},"end":{"line":23,"column":72}},"13":{"start":{"line":27,"column":4},"end":{"line":63,"column":7}},"14":{"start":{"line":28,"column":6},"end":{"line":28,"column":73}},"15":{"start":{"line":28,"column":66},"end":{"line":28,"column":73}},"16":{"start":{"line":30,"column":6},"end":{"line":62,"column":9}},"17":{"start":{"line":31,"column":8},"end":{"line":31,"column":34}},"18":{"start":{"line":31,"column":27},"end":{"line":31,"column":34}},"19":{"start":{"line":33,"column":37},"end":{"line":33,"column":106}},"20":{"start":{"line":33,"column":78},"end":{"line":33,"column":105}},"21":{"start":{"line":34,"column":8},"end":{"line":37,"column":9}},"22":{"start":{"line":35,"column":10},"end":{"line":35,"column":83}},"23":{"start":{"line":36,"column":10},"end":{"line":36,"column":17}},"24":{"start":{"line":39,"column":8},"end":{"line":42,"column":9}},"25":{"start":{"line":40,"column":10},"end":{"line":40,"column":89}},"26":{"start":{"line":41,"column":10},"end":{"line":41,"column":17}},"27":{"start":{"line":44,"column":8},"end":{"line":61,"column":11}},"28":{"start":{"line":45,"column":10},"end":{"line":48,"column":11}},"29":{"start":{"line":46,"column":12},"end":{"line":46,"column":96}},"30":{"start":{"line":47,"column":12},"end":{"line":47,"column":19}},"31":{"start":{"line":50,"column":60},"end":{"line":50,"column":114}},"32":{"start":{"line":50,"column":79},"end":{"line":50,"column":113}},"33":{"start":{"line":51,"column":10},"end":{"line":60,"column":11}},"34":{"start":{"line":52,"column":12},"end":{"line":52,"column":54}},"35":{"start":{"line":54,"column":12},"end":{"line":59,"column":15}},"36":{"start":{"line":65,"column":4},"end":{"line":65,"column":23}},"37":{"start":{"line":67,"column":4},"end":{"line":67,"column":56}},"38":{"start":{"line":68,"column":4},"end":{"line":68,"column":17}},"39":{"start":{"line":5,"column":13},"end":{"line":5,"column":27}}},"fnMap":{"0":{"name":"(anonymous_0)","decl":{"start":{"line":5,"column":27},"end":{"line":5,"column":28}},"loc":{"start":{"line":5,"column":65},"end":{"line":70,"column":1}}},"1":{"name":"(anonymous_1)","decl":{"start":{"line":20,"column":22},"end":{"line":20,"column":23}},"loc":{"start":{"line":20,"column":39},"end":{"line":24,"column":9}}},"2":{"name":"(anonymous_2)","decl":{"start":{"line":27,"column":27},"end":{"line":27,"column":28}},"loc":{"start":{"line":27,"column":44},"end":{"line":63,"column":5}}},"3":{"name":"(anonymous_3)","decl":{"start":{"line":30,"column":31},"end":{"line":30,"column":32}},"loc":{"start":{"line":30,"column":50},"end":{"line":62,"column":7}}},"4":{"name":"(anonymous_4)","decl":{"start":{"line":33,"column":64},"end":{"line":33,"column":65}},"loc":{"start":{"line":33,"column":78},"end":{"line":33,"column":105}}},"5":{"name":"(anonymous_5)","decl":{"start":{"line":44,"column":33},"end":{"line":44,"column":34}},"loc":{"start":{"line":44,"column":54},"end":{"line":61,"column":9}}},"6":{"name":"(anonymous_6)","decl":{"start":{"line":50,"column":74},"end":{"line":50,"column":75}},"loc":{"start":{"line":50,"column":79},"end":{"line":50,"column":113}}}},"branchMap":{"0":{"loc":{"start":{"line":10,"column":4},"end":{"line":14,"column":5}},"type":"if","locations":[{"start":{"line":10,"column":4},"end":{"line":14,"column":5}}]},"1":{"loc":{"start":{"line":10,"column":8},"end":{"line":10,"column":104}},"type":"binary-expr","locations":[{"start":{"line":10,"column":8},"end":{"line":10,"column":41}},{"start":{"line":10,"column":45},"end":{"line":10,"column":104}}]},"2":{"loc":{"start":{"line":10,"column":61},"end":{"line":10,"column":103}},"type":"cond-expr","locations":[{"start":{"line":10,"column":76},"end":{"line":10,"column":96}},{"start":{"line":10,"column":61},"end":{"line":10,"column":103}}]},"3":{"loc":{"start":{"line":10,"column":61},"end":{"line":10,"column":96}},"type":"binary-expr","locations":[{"start":{"line":10,"column":61},"end":{"line":10,"column":98}},{"start":{"line":10,"column":61},"end":{"line":10,"column":96}}]},"4":{"loc":{"start":{"line":19,"column":36},"end":{"line":25,"column":14}},"type":"cond-expr","locations":[{"start":{"line":20,"column":8},"end":{"line":24,"column":10}},{"start":{"line":25,"column":8},"end":{"line":25,"column":14}}]},"5":{"loc":{"start":{"line":28,"column":6},"end":{"line":28,"column":73}},"type":"if","locations":[{"start":{"line":28,"column":6},"end":{"line":28,"column":73}}]},"6":{"loc":{"start":{"line":28,"column":10},"end":{"line":28,"column":64}},"type":"binary-expr","locations":[{"start":{"line":28,"column":10},"end":{"line":28,"column":32}},{"start":{"line":28,"column":32},"end":{"line":28,"column":64}}]},"7":{"loc":{"start":{"line":28,"column":11},"end":{"line":28,"column":28}},"type":"cond-expr","locations":[{"start":{"line":28,"column":16},"end":{"line":28,"column":18}},{"start":{"line":28,"column":11},"end":{"line":28,"column":28}}]},"8":{"loc":{"start":{"line":28,"column":11},"end":{"line":28,"column":18}},"type":"binary-expr","locations":[{"start":{"line":28,"column":11},"end":{"line":28,"column":18}},{"start":{"line":28,"column":11},"end":{"line":28,"column":18}}]},"9":{"loc":{"start":{"line":31,"column":8},"end":{"line":31,"column":34}},"type":"if","locations":[{"start":{"line":31,"column":8},"end":{"line":31,"column":34}}]},"10":{"loc":{"start":{"line":31,"column":13},"end":{"line":31,"column":25}},"type":"cond-expr","locations":[{"start":{"line":31,"column":17},"end":{"line":31,"column":19}},{"start":{"line":31,"column":13},"end":{"line":31,"column":25}}]},"11":{"loc":{"start":{"line":31,"column":13},"end":{"line":31,"column":19}},"type":"binary-expr","locations":[{"start":{"line":31,"column":13},"end":{"line":31,"column":19}},{"start":{"line":31,"column":13},"end":{"line":31,"column":19}}]},"12":{"loc":{"start":{"line":33,"column":78},"end":{"line":33,"column":89}},"type":"cond-expr","locations":[{"start":{"line":33,"column":81},"end":{"line":33,"column":83}},{"start":{"line":33,"column":78},"end":{"line":33,"column":89}}]},"13":{"loc":{"start":{"line":33,"column":78},"end":{"line":33,"column":83}},"type":"binary-expr","locations":[{"start":{"line":33,"column":78},"end":{"line":33,"column":83}},{"start":{"line":33,"column":78},"end":{"line":33,"column":83}}]},"14":{"loc":{"start":{"line":34,"column":8},"end":{"line":37,"column":9}},"type":"if","locations":[{"start":{"line":34,"column":8},"end":{"line":37,"column":9}}]},"15":{"loc":{"start":{"line":39,"column":8},"end":{"line":42,"column":9}},"type":"if","locations":[{"start":{"line":39,"column":8},"end":{"line":42,"column":9}}]},"16":{"loc":{"start":{"line":39,"column":12},"end":{"line":39,"column":66}},"type":"binary-expr","locations":[{"start":{"line":39,"column":12},"end":{"line":39,"column":34}},{"start":{"line":39,"column":34},"end":{"line":39,"column":66}}]},"17":{"loc":{"start":{"line":39,"column":13},"end":{"line":39,"column":30}},"type":"cond-expr","locations":[{"start":{"line":39,"column":16},"end":{"line":39,"column":18}},{"start":{"line":39,"column":13},"end":{"line":39,"column":30}}]},"18":{"loc":{"start":{"line":39,"column":13},"end":{"line":39,"column":18}},"type":"binary-expr","locations":[{"start":{"line":39,"column":13},"end":{"line":39,"column":18}},{"start":{"line":39,"column":13},"end":{"line":39,"column":18}}]},"19":{"loc":{"start":{"line":45,"column":10},"end":{"line":48,"column":11}},"type":"if","locations":[{"start":{"line":45,"column":10},"end":{"line":48,"column":11}}]},"20":{"loc":{"start":{"line":45,"column":15},"end":{"line":45,"column":34}},"type":"cond-expr","locations":[{"start":{"line":45,"column":22},"end":{"line":45,"column":24}},{"start":{"line":45,"column":15},"end":{"line":45,"column":34}}]},"21":{"loc":{"start":{"line":45,"column":15},"end":{"line":45,"column":24}},"type":"binary-expr","locations":[{"start":{"line":45,"column":15},"end":{"line":45,"column":24}},{"start":{"line":45,"column":15},"end":{"line":45,"column":24}}]},"22":{"loc":{"start":{"line":51,"column":10},"end":{"line":60,"column":11}},"type":"if","locations":[{"start":{"line":51,"column":10},"end":{"line":60,"column":11}},{"start":{"line":53,"column":17},"end":{"line":60,"column":11}}]},"23":{"loc":{"start":{"line":56,"column":27},"end":{"line":56,"column":68}},"type":"binary-expr","locations":[{"start":{"line":56,"column":27},"end":{"line":56,"column":47}},{"start":{"line":56,"column":51},"end":{"line":56,"column":68}}]},"24":{"loc":{"start":{"line":57,"column":28},"end":{"line":57,"column":54}},"type":"binary-expr","locations":[{"start":{"line":57,"column":28},"end":{"line":57,"column":49}},{"start":{"line":57,"column":53},"end":{"line":57,"column":54}}]}},"s":{"0":10,"1":10,"2":10,"3":10,"4":10,"5":1,"6":1,"7":1,"8":9,"9":9,"10":3,"11":3,"12":3,"13":9,"14":8,"15":1,"16":7,"17":7,"18":0,"19":7,"20":6,"21":7,"22":1,"23":1,"24":6,"25":1,"26":1,"27":5,"28":5,"29":1,"30":1,"31":4,"32":1,"33":4,"34":1,"35":3,"36":9,"37":0,"38":0,"39":10},"f":{"0":10,"1":3,"2":8,"3":7,"4":6,"5":5,"6":1},"b":{"0":[1],"1":[10,9],"2":[0,9],"3":[9,9],"4":[3,6],"5":[1],"6":[8,7],"7":[0,8],"8":[8,8],"9":[0],"10":[0,7],"11":[7,7],"12":[0,6],"13":[6,6],"14":[1],"15":[1],"16":[6,5],"17":[0,6],"18":[6,6],"19":[1],"20":[0,5],"21":[5,5],"22":[1,3],"23":[3,0],"24":[3,0]}}
}
