TN:
SF:controllers\packingListController.ts
FN:26,(anonymous_0)
FN:38,(anonymous_1)
FN:45,(anonymous_2)
FN:51,(anonymous_3)
FN:52,(anonymous_4)
FN:69,(anonymous_5)
FNF:6
FNH:6
FNDA:9,(anonymous_0)
FNDA:3,(anonymous_1)
FNDA:5,(anonymous_2)
FNDA:4,(anonymous_3)
FNDA:3,(anonymous_4)
FNDA:3,(anonymous_5)
DA:1,9
DA:26,9
DA:27,9
DA:28,9
DA:30,9
DA:31,1
DA:32,1
DA:33,1
DA:37,7
DA:39,3
DA:40,3
DA:41,3
DA:45,7
DA:52,4
DA:53,4
DA:54,1
DA:63,3
DA:69,3
DA:79,7
DA:81,1
DA:82,1
LF:21
LH:21
BRDA:30,0,0,1
BRDA:30,1,0,9
BRDA:30,1,1,7
BRDA:30,2,0,0
BRDA:30,2,1,7
BRDA:30,3,0,7
BRDA:30,3,1,7
BRDA:37,4,0,3
BRDA:37,4,1,4
BRDA:51,5,0,5
BRDA:51,5,1,1
BRDA:51,6,0,1
BRDA:51,6,1,4
BRDA:51,7,0,5
BRDA:51,7,1,5
BRDA:52,8,0,0
BRDA:52,8,1,3
BRDA:52,9,0,3
BRDA:52,9,1,3
BRDA:52,10,0,0
BRDA:52,10,1,3
BRDA:52,11,0,3
BRDA:52,11,1,3
BRDA:53,12,0,1
BRDA:55,13,0,0
BRDA:55,13,1,1
BRDA:55,14,0,1
BRDA:55,14,1,1
BRDA:56,15,0,0
BRDA:56,15,1,1
BRDA:56,16,0,1
BRDA:56,16,1,1
BRDA:59,17,0,0
BRDA:59,17,1,1
BRDA:59,18,0,1
BRDA:59,18,1,1
BRDA:64,19,0,0
BRDA:64,19,1,3
BRDA:64,20,0,3
BRDA:64,20,1,3
BRDA:65,21,0,0
BRDA:65,21,1,3
BRDA:65,22,0,3
BRDA:65,22,1,3
BRDA:66,23,0,3
BRDA:66,23,1,0
BRDA:66,24,0,0
BRDA:66,24,1,3
BRDA:66,25,0,3
BRDA:66,25,1,3
BRDA:67,26,0,3
BRDA:67,26,1,0
BRDA:67,27,0,0
BRDA:67,27,1,3
BRDA:67,28,0,3
BRDA:67,28,1,3
BRDA:68,29,0,0
BRDA:68,29,1,3
BRDA:68,30,0,3
BRDA:68,30,1,3
BRDA:69,31,0,3
BRDA:69,31,1,0
BRDA:69,32,0,0
BRDA:69,32,1,3
BRDA:69,33,0,3
BRDA:69,33,1,3
BRDA:69,34,0,0
BRDA:69,34,1,3
BRDA:69,35,0,3
BRDA:69,35,1,3
BRDA:70,36,0,0
BRDA:70,36,1,3
BRDA:70,37,0,3
BRDA:70,37,1,3
BRDA:71,38,0,3
BRDA:71,38,1,1
BRDA:71,39,0,0
BRDA:71,39,1,3
BRDA:71,40,0,3
BRDA:71,40,1,3
BRDA:72,41,0,3
BRDA:72,41,1,1
BRDA:72,42,0,0
BRDA:72,42,1,3
BRDA:72,43,0,3
BRDA:72,43,1,3
BRDA:73,44,0,0
BRDA:73,44,1,3
BRDA:73,45,0,3
BRDA:73,45,1,3
BRF:90
BRH:70
end_of_record
TN:
SF:controllers\pickListController.ts
FN:5,(anonymous_0)
FN:20,(anonymous_1)
FN:27,(anonymous_2)
FN:30,(anonymous_3)
FN:33,(anonymous_4)
FN:44,(anonymous_5)
FN:50,(anonymous_6)
FNF:7
FNH:7
FNDA:10,(anonymous_0)
FNDA:3,(anonymous_1)
FNDA:8,(anonymous_2)
FNDA:7,(anonymous_3)
FNDA:6,(anonymous_4)
FNDA:5,(anonymous_5)
FNDA:1,(anonymous_6)
DA:1,10
DA:5,10
DA:6,10
DA:7,10
DA:10,10
DA:11,1
DA:12,1
DA:13,1
DA:16,9
DA:19,9
DA:21,3
DA:22,3
DA:23,3
DA:27,9
DA:28,8
DA:30,7
DA:31,7
DA:33,7
DA:34,7
DA:35,1
DA:36,1
DA:39,6
DA:40,1
DA:41,1
DA:44,5
DA:45,5
DA:46,1
DA:47,1
DA:50,4
DA:51,4
DA:52,1
DA:54,3
DA:65,9
DA:67,0
DA:68,0
LF:35
LH:33
BRDA:10,0,0,1
BRDA:10,1,0,10
BRDA:10,1,1,9
BRDA:10,2,0,0
BRDA:10,2,1,9
BRDA:10,3,0,9
BRDA:10,3,1,9
BRDA:19,4,0,3
BRDA:19,4,1,6
BRDA:28,5,0,1
BRDA:28,6,0,8
BRDA:28,6,1,7
BRDA:28,7,0,0
BRDA:28,7,1,8
BRDA:28,8,0,8
BRDA:28,8,1,8
BRDA:31,9,0,0
BRDA:31,10,0,0
BRDA:31,10,1,7
BRDA:31,11,0,7
BRDA:31,11,1,7
BRDA:33,12,0,0
BRDA:33,12,1,6
BRDA:33,13,0,6
BRDA:33,13,1,6
BRDA:34,14,0,1
BRDA:39,15,0,1
BRDA:39,16,0,6
BRDA:39,16,1,5
BRDA:39,17,0,0
BRDA:39,17,1,6
BRDA:39,18,0,6
BRDA:39,18,1,6
BRDA:45,19,0,1
BRDA:45,20,0,0
BRDA:45,20,1,5
BRDA:45,21,0,5
BRDA:45,21,1,5
BRDA:51,22,0,1
BRDA:51,22,1,3
BRDA:56,23,0,3
BRDA:56,23,1,0
BRDA:57,24,0,3
BRDA:57,24,1,0
BRF:44
BRH:35
end_of_record
